from numpy import array

import cPickle as pickle


from mpmath import mpf 

parser = None

scaler = 'ThermodynamicScaler'

thermodynamics = 'ThermoCorrections'

solver = 'SteadyStateSolver'

mapper = 'MinResidMapper'

binary_data = pickle.load(open("C2_pH0.pkl"))

locals().update(binary_data)

A_uc = None

adsorbate_interaction_model = 'first_order'

adsorbate_names = ('CH2O_dl', 'CH2OH_t', 'CH2O_t', 'CH2_t', 'CH3_t', 'CHOH_t', 'CHO_t', 'CH_t', 'COH_t', 'CO_t', 'H_t', 'O2_t', 'OCCH2O_t', 'OCCHOH_t', 'OCCHO_t', 'OCCH_t', 'OCCOH_t', 'OCCO_t', 'OCC_t', 'OH_t')

adsorbate_thermo_mode = 'harmonic_adsorbate'

analytical_jacobian = True

atomic_reservoir_dict = {'H': 'H_g', 'C': 'CO_g', 'O': 'O2_g'}

atomic_reservoir_list = [{'H': 'CH2O_g', 'C': 'CH3CH2OH_g', 'O': 'CO_g'}, {'H': 'CH2O_g', 'C': 'CH3CH2OH_g', 'O': 'H2O_g'}, {'H': 'CH2O_g', 'C': 'CH3CH2OH_g', 'O': 'O2_g'}, {'H': 'CH2O_g', 'C': 'CH4_g', 'O': 'CO_g'}, {'H': 'CH2O_g', 'C': 'CH4_g', 'O': 'H2O_g'}, {'H': 'CH2O_g', 'C': 'CH4_g', 'O': 'O2_g'}, {'H': 'CH2O_g', 'C': 'CO_g', 'O': 'H2O_g'}, {'H': 'CH2O_g', 'C': 'CO_g', 'O': 'O2_g'}, {'H': 'CH3CH2OH_g', 'C': 'CH4_g', 'O': 'CO_g'}, {'H': 'CH3CH2OH_g', 'C': 'CH4_g', 'O': 'H2O_g'}, {'H': 'CH3CH2OH_g', 'C': 'CH4_g', 'O': 'O2_g'}, {'H': 'CH3CH2OH_g', 'C': 'CO_g', 'O': 'H2O_g'}, {'H': 'CH3CH2OH_g', 'C': 'CO_g', 'O': 'O2_g'}, {'H': 'CH4_g', 'C': 'CO_g', 'O': 'H2O_g'}, {'H': 'CH4_g', 'C': 'CO_g', 'O': 'O2_g'}, {'H': 'H2O_g', 'C': 'CH2O_g', 'O': 'O2_g'}, {'H': 'H2O_g', 'C': 'CH3CH2OH_g', 'O': 'O2_g'}, {'H': 'H2O_g', 'C': 'CH4_g', 'O': 'O2_g'}, {'H': 'H2O_g', 'C': 'CO_g', 'O': 'O2_g'}, {'H': 'H2_g', 'C': 'CH2O_g', 'O': 'CH3CH2OH_g'}, {'H': 'H2_g', 'C': 'CH2O_g', 'O': 'H2O_g'}, {'H': 'H2_g', 'C': 'CH2O_g', 'O': 'O2_g'}, {'H': 'H2_g', 'C': 'CH3CH2OH_g', 'O': 'CO_g'}, {'H': 'H2_g', 'C': 'CH3CH2OH_g', 'O': 'H2O_g'}, {'H': 'H2_g', 'C': 'CH3CH2OH_g', 'O': 'O2_g'}, {'H': 'H2_g', 'C': 'CH4_g', 'O': 'CH2O_g'}, {'H': 'H2_g', 'C': 'CH4_g', 'O': 'CH3CH2OH_g'}, {'H': 'H2_g', 'C': 'CH4_g', 'O': 'CO_g'}, {'H': 'H2_g', 'C': 'CH4_g', 'O': 'H2O_g'}, {'H': 'H2_g', 'C': 'CH4_g', 'O': 'O2_g'}, {'H': 'H2_g', 'C': 'CO_g', 'O': 'H2O_g'}, {'H': 'H2_g', 'C': 'CO_g', 'O': 'O2_g'}, {'H': 'H_g', 'C': 'CH2O_g', 'O': 'CH3CH2OH_g'}, {'H': 'H_g', 'C': 'CH2O_g', 'O': 'H2O_g'}, {'H': 'H_g', 'C': 'CH2O_g', 'O': 'O2_g'}, {'H': 'H_g', 'C': 'CH3CH2OH_g', 'O': 'CO_g'}, {'H': 'H_g', 'C': 'CH3CH2OH_g', 'O': 'H2O_g'}, {'H': 'H_g', 'C': 'CH3CH2OH_g', 'O': 'O2_g'}, {'H': 'H_g', 'C': 'CH4_g', 'O': 'CH2O_g'}, {'H': 'H_g', 'C': 'CH4_g', 'O': 'CH3CH2OH_g'}, {'H': 'H_g', 'C': 'CH4_g', 'O': 'CO_g'}, {'H': 'H_g', 'C': 'CH4_g', 'O': 'H2O_g'}, {'H': 'H_g', 'C': 'CH4_g', 'O': 'O2_g'}, {'H': 'H_g', 'C': 'CO_g', 'O': 'H2O_g'}, {'H': 'H_g', 'C': 'CO_g', 'O': 'O2_g'}]

beta = 0.5

coverage_headers = ['coverage', 'coadsorbate_coverage']

cross_interaction_mode = 'geometric_mean'

data_file = 'C2_pH0.pkl'

decimal_precision = 100

default_self_interaction_parameter = 0

descriptor_decimal_precision = 2

descriptor_names = ('voltage', 'temperature')

descriptor_ranges = [[-1.6, 0.2], [300, 300]]

eCO = 2.467

eH = 0.0

eHCO = 0.7274

echem_transition_state_names = []

electrochemical_thermo_mode = 'simple_electrochemical'

elementary_rxns = ([['H_g', 'ele_g', 't'], ['H-ele_t'], ['H_t']], [['H_g', 'ele_g', 'H_t'], ['H2-ele_t'], ['H2_g', 't']], [['H_t', 'H_t'], ['H-H_t', 't'], ['H2_g', 't', 't']], [['OH_t', 'H_g', 'ele_g'], ['H2O_g', 't']], [['CO_g', 't'], ['CO-_t'], ['CO_t']], [['CO_t', 'H_g', 'ele_g'], ['H-CO-ele_t'], ['CHO_t']], [['CHO_t', 'H_g', 'ele_g'], ['CHO-H-ele_t'], ['CHOH_t']], [['CHOH_t', 'H_g', 'ele_g'], ['CHOH-H-ele_t'], ['CH_t', 'H2O_g']], [['CH_t', 'H_g', 'ele_g'], ['CH2_t']], [['CH2_t', 'H_g', 'ele_g'], ['CH3_t']], [['CH3_t', 'H_g', 'ele_g'], ['CH4_g', 't']], [['CHO_t', 'H_g', 'ele_g'], ['CH2O-ele_t'], ['CH2O_t']], [['CH2O_t', 'H_g', 'ele_g'], ['CH2O-H-ele_t'], ['CH2OH_t']], [['CH2OH_t', 'H_g', 'ele_g'], ['CH2OH-H-ele_t'], ['CH2_t', 'H2O_g']], [['CH2O_t', 'dl'], ['CH2O_dl', 't']], [['CH2O_dl'], ['CH2O_g', 'dl']], [['CO_t', 'H_g', 'ele_g'], ['CO-H-ele_t'], ['COH_t']], [['COH_t', 'H_g', 'ele_g'], ['COH-H-ele_t'], ['CHOH_t']], [['CO_t', 'H_t'], ['H-CO_t', 't'], ['CHO_t', 't']], [['CO_t', 'H_t'], ['CO-H_t', 't'], ['COH_t', 't']], [['CH_t', 'H_t'], ['CH-H_t', 't'], ['CH2_t', 't']], [['CH2_t', 'H_t'], ['CH2-H_t', 't'], ['CH3_t', 't']], [['CH3_t', 'H_t'], ['CH3-H_t', 't'], ['CH4_g', 't', 't']], [['O2_g', 't'], ['O2_t']], [['CO_t', 'CO_t'], ['OC-CO_t'], ['OCCO_t']], [['OCCO_t', 'H_t'], ['OCC-HO_t', 't'], ['OCCHO_t', 't']], [['OCCO_t', 'H_g', 'ele_g'], ['OCC-HO-ele_t'], ['OCCHO_t']], [['CO_t', 'CHO_t'], ['OC-CHO_t'], ['OCCHO_t']], [['OCCHO_t', 'H_g', 'H_g', 'H_g', 'H_g', 'H_g', 'H_g', 'H_g', 'ele_g', 'ele_g', 'ele_g', 'ele_g', 'ele_g', 'ele_g', 'ele_g'], ['CH3CH2OH_g', 't', 't', 'H2O_g']], [['OCCO_t', 'H_g', 'ele_g'], ['OCCO-H-ele_t'], ['OCCOH_t']], [['OCCOH_t', 'H_g', 'ele_g'], ['OCCOH-H-ele_t'], ['OCC_t', 'H2O_g']], [['OCC_t', 'H_g', 'ele_g'], ['OCC-H-ele_t'], ['OCCH_t']], [['OCC_t', 'H_t'], ['OCC-H_t', 't'], ['OCCH_t', 't']], [['OCCH_t', 'H_g', 'H_g', 'H_g', 'H_g', 'H_g', 'ele_g', 'ele_g', 'ele_g', 'ele_g', 'ele_g'], ['CH3CH2OH_g', 't', 't']], [['CO_t', 'CHOH_t'], ['OC-CHOH_t'], ['OCCHOH_t']], [['OCCHOH_t', 'H_g', 'H_g', 'H_g', 'H_g', 'H_g', 'H_g', 'ele_g', 'ele_g', 'ele_g', 'ele_g', 'ele_g', 'ele_g'], ['CH3CH2OH_g', 't', 't', 'H2O_g']], [['CH2O_t', 'CO_t'], ['OC-CH2O_t'], ['OCCH2O_t']], [['OCCH2O_t', 'H_g', 'H_g', 'H_g', 'H_g', 'H_g', 'H_g', 'ele_g', 'ele_g', 'ele_g', 'ele_g', 'ele_g', 'ele_g'], ['CH3CH2OH_g', 't', 't', 'H2O_g']])

estimate_frequencies = True

extrapolate_coverages = False

extrapolated_potential = -0.4141

fixed_entropy_dict = {'H2_g': 0.00135, 'other': 0.002}

force_recalculation = True

force_recompilation = False

frequency_surface_names = []

frequency_unit_conversion = 0.0001239842

gas_names = ('CH2O_g', 'CH3CH2OH_g', 'CH4_g', 'CO_g', 'H2O_g', 'H2_g', 'H_g', 'O2_g', 'ele_g')

gas_pressures = [0.0, 0.0, 0.0, 1.0, 0.035, 0.0, 1.0, 0.0, 1.0]

gas_thermo_mode = 'ideal_gas'

hbond_dict = {'OCHCH2': 0.0, 'C': 0.0, 'CH': 0.0, 'CO': -0.1, 'OH': -0.5, 'CHOH': -0.25, 'H': 0.0, 'OCHO': 0.0, 'O': 0.0, 'CHO': -0.1, 'OCH3': 0.0, 'CH2': 0.0, 'CH3': 0.0, 'COHOH': -0.25, 'OCH2O': 0.0, 'CH2OH': -0.25, 'CH2O': 0.0, 'COH': -0.25, 'COOH': -0.25, 'OCHCHO': 0.0}

hindered_ads_params = {}

ideal_gas_params = {'H2_g': [2, 'linear', 0], 'CH3OH_g': [1, 'nonlinear', 0], 'C5H6O2_g': [1, 'nonlinear', 0], 'CO_g': [1, 'linear', 0], 'H2O_g': [2, 'nonlinear', 0], 'HCOOH_g': [1, 'nonlinear', 0], 'CH3CH2CHCH2_g': [1, 'nonlinear', 0], 'CH3CHCH2_g': [1, 'nonlinear', 0], 'O2_g': [2, 'linear', 1.0], 'N2_g': [2, 'linear', 0], 'CH3CH2OH_g': [1, 'nonlinear', 0], 'NH3_g': [3, 'nonlinear', 0], 'CH4_g': [12, 'nonlinear', 0], 'CH3CHO_g': [1, 'nonlinear', 0], 'HCl_g': [1, 'linear', 0], 'CH2CH2_g': [4, 'nonlinear', 0], 'CH3CHCHCH3_g': [2, 'nonlinear', 0], 'CO2_g': [2, 'linear', 0], 'pe_g': [2, 'linear', 0], 'CH3CH3CCH2_g': [2, 'nonlinear', 0], 'C2H4_g': [4, 'nonlinear', 0], 'C5H4O2_g': [1, 'nonlinear', 0], 'C5H6O_g': [1, 'nonlinear', 0], 'CH2O_g': [2, 'nonlinear', 0], 'CH3COOH_g': [1, 'nonlinear', 0], 'C2H6_g': [6, 'nonlinear', 0], 'Cl2_g': [2, 'linear', 0]}

input_file = 'C2_energies.txt'

input_overrides_fit = True

interaction_cross_term_names = ('CH2OH_t&OCCH_t', 'CH2OH-H-ele_t&CH2OH_t', 'CH2O-H-ele_t&CH2OH_t', 'CH2OH_t&OCC-H-ele_t', 'CH2OH_t&OCC-HO-ele_t', 'CH2O-ele_t&CH2OH_t', 'CH2OH_t&CH2OH_t', 'CH2OH_t&CH2O_t', 'CH2OH_t&H2-ele_t', 'CH2OH_t&CHOH-H-ele_t', 'CH2OH_t&OC-CHO_t', 'CH2OH_t&OCCO_t', 'CH2OH_t&OCCOH-H-ele_t', 'CH2OH_t&OCCHOH_t', 'CH2OH_t&H_t', 'CH2OH_t&H-CO-ele_t', 'CH2OH_t&CO-H-ele_t', 'CH2OH_t&OCCOH_t', 'CH2OH_t&OCCO-H-ele_t', 'CH2OH_t&H-H_t', 'CH2OH_t&OCCHO_t', 'CH2OH_t&OCC-H_t', 'CH2OH_t&H-ele_t', 'CH2OH_t&CO-_t', 'CH2OH_t&H-CO_t', 'CH2OH_t&COH-H-ele_t', 'CH2OH_t&OC-CHOH_t', 'CH2OH_t&OC-CO_t', 'CH2OH_t&OCC_t', 'CH2O_t&OCCH_t', 'CH2OH-H-ele_t&CH2O_t', 'CH2O-H-ele_t&CH2O_t', 'CH2O_t&OCC-H-ele_t', 'CH2O_t&OCC-HO-ele_t', 'CH2O-ele_t&CH2O_t', 'CH2O_t&CH2O_t', 'CH2O_t&H2-ele_t', 'CH2O_t&CHOH-H-ele_t', 'CH2O_t&OC-CHO_t', 'CH2O_t&OCCO_t', 'CH2O_t&OCCOH-H-ele_t', 'CH2O_t&OCCHOH_t', 'CH2O_t&H_t', 'CH2O_t&H-CO-ele_t', 'CH2O_t&CO-H-ele_t', 'CH2O_t&OCCOH_t', 'CH2O_t&OCCO-H-ele_t', 'CH2O_t&H-H_t', 'CH2O_t&OCCHO_t', 'CH2O_t&OCC-H_t', 'CH2O_t&H-ele_t', 'CH2O_t&CO-_t', 'CH2O_t&H-CO_t', 'CH2O_t&COH-H-ele_t', 'CH2O_t&OC-CHOH_t', 'CH2O_t&OC-CO_t', 'CH2O_t&OCC_t', 'CH2_t&OCCH_t', 'CH2OH-H-ele_t&CH2_t', 'CH2O-H-ele_t&CH2_t', 'CH2_t&OCC-H-ele_t', 'CH2_t&OCC-HO-ele_t', 'CH2O-ele_t&CH2_t', 'CH2OH_t&CH2_t', 'CH2O_t&CH2_t', 'CH2_t&H2-ele_t', 'CH2_t&CHOH-H-ele_t', 'CH2_t&OC-CHO_t', 'CH2_t&OCCO_t', 'CH2_t&OCCOH-H-ele_t', 'CH2_t&OCCHOH_t', 'CH2_t&H_t', 'CH2_t&H-CO-ele_t', 'CH2_t&CO-H-ele_t', 'CH2_t&OCCOH_t', 'CH2_t&OCCO-H-ele_t', 'CH2_t&H-H_t', 'CH2_t&OCCHO_t', 'CH2_t&OCC-H_t', 'CH2_t&H-ele_t', 'CH2_t&CO-_t', 'CH2_t&H-CO_t', 'CH2_t&COH-H-ele_t', 'CH2_t&OC-CHOH_t', 'CH2_t&OC-CO_t', 'CH2_t&OCC_t', 'CH3_t&OCCH_t', 'CH2OH-H-ele_t&CH3_t', 'CH2O-H-ele_t&CH3_t', 'CH3_t&OCC-H-ele_t', 'CH3_t&OCC-HO-ele_t', 'CH2O-ele_t&CH3_t', 'CH2OH_t&CH3_t', 'CH2O_t&CH3_t', 'CH3_t&H2-ele_t', 'CH3_t&CHOH-H-ele_t', 'CH3_t&OC-CHO_t', 'CH3_t&OCCO_t', 'CH3_t&OCCOH-H-ele_t', 'CH3_t&OCCHOH_t', 'CH3_t&H_t', 'CH3_t&H-CO-ele_t', 'CH3_t&CO-H-ele_t', 'CH3_t&OCCOH_t', 'CH3_t&OCCO-H-ele_t', 'CH3_t&H-H_t', 'CH3_t&OCCHO_t', 'CH3_t&OCC-H_t', 'CH3_t&H-ele_t', 'CH3_t&CO-_t', 'CH3_t&H-CO_t', 'CH3_t&COH-H-ele_t', 'CH3_t&OC-CHOH_t', 'CH3_t&OC-CO_t', 'CH3_t&OCC_t', 'CHOH_t&OCCH_t', 'CH2OH-H-ele_t&CHOH_t', 'CH2O-H-ele_t&CHOH_t', 'CHOH_t&OCC-H-ele_t', 'CHOH_t&OCC-HO-ele_t', 'CH2O-ele_t&CHOH_t', 'CH2OH_t&CHOH_t', 'CH2O_t&CHOH_t', 'CHOH_t&H2-ele_t', 'CHOH-H-ele_t&CHOH_t', 'CHOH_t&OC-CHO_t', 'CHOH_t&OCCO_t', 'CHOH_t&OCCOH-H-ele_t', 'CHOH_t&OCCHOH_t', 'CHOH_t&H_t', 'CHOH_t&H-CO-ele_t', 'CHOH_t&CO-H-ele_t', 'CHOH_t&OCCOH_t', 'CHOH_t&OCCO-H-ele_t', 'CHOH_t&H-H_t', 'CHOH_t&OCCHO_t', 'CHOH_t&OCC-H_t', 'CHOH_t&H-ele_t', 'CHOH_t&CO-_t', 'CHOH_t&H-CO_t', 'CHOH_t&COH-H-ele_t', 'CHOH_t&OC-CHOH_t', 'CHOH_t&OC-CO_t', 'CHOH_t&OCC_t', 'CHO_t&OCCH_t', 'CH2OH-H-ele_t&CHO_t', 'CH2O-H-ele_t&CHO_t', 'CHO_t&OCC-H-ele_t', 'CHO_t&OCC-HO-ele_t', 'CH2O-ele_t&CHO_t', 'CH2OH_t&CHO_t', 'CH2O_t&CHO_t', 'CHO_t&H2-ele_t', 'CHOH-H-ele_t&CHO_t', 'CHO_t&OC-CHO_t', 'CHO_t&OCCO_t', 'CHO_t&OCCOH-H-ele_t', 'CHO_t&OCCHOH_t', 'CHO_t&H_t', 'CHO_t&H-CO-ele_t', 'CHO_t&CO-H-ele_t', 'CHO_t&OCCOH_t', 'CHO_t&OCCO-H-ele_t', 'CHO_t&H-H_t', 'CHO_t&OCCHO_t', 'CHO_t&OCC-H_t', 'CHO_t&H-ele_t', 'CHO_t&CO-_t', 'CHO_t&H-CO_t', 'CHO_t&COH-H-ele_t', 'CHO_t&OC-CHOH_t', 'CHO_t&OC-CO_t', 'CHO_t&OCC_t', 'CH_t&OCCH_t', 'CH2OH-H-ele_t&CH_t', 'CH2O-H-ele_t&CH_t', 'CH_t&OCC-H-ele_t', 'CH_t&OCC-HO-ele_t', 'CH2O-ele_t&CH_t', 'CH2OH_t&CH_t', 'CH2O_t&CH_t', 'CH_t&H2-ele_t', 'CHOH-H-ele_t&CH_t', 'CH_t&OC-CHO_t', 'CH_t&OCCO_t', 'CH_t&OCCOH-H-ele_t', 'CH_t&OCCHOH_t', 'CH_t&H_t', 'CH_t&H-CO-ele_t', 'CH_t&CO-H-ele_t', 'CH_t&OCCOH_t', 'CH_t&OCCO-H-ele_t', 'CH_t&H-H_t', 'CH_t&OCCHO_t', 'CH_t&OCC-H_t', 'CH_t&H-ele_t', 'CH_t&CO-_t', 'CH_t&H-CO_t', 'CH_t&COH-H-ele_t', 'CH_t&OC-CHOH_t', 'CH_t&OC-CO_t', 'CH_t&OCC_t', 'CO_t&OCCH_t', 'CH2OH-H-ele_t&CO_t', 'CH2O-H-ele_t&CO_t', 'CO_t&OCC-H-ele_t', 'CO_t&OCC-HO-ele_t', 'CH2O-ele_t&CO_t', 'CH2OH_t&CO_t', 'CH2O_t&CO_t', 'CO_t&H2-ele_t', 'CHOH-H-ele_t&CO_t', 'CO_t&OC-CHO_t', 'CO_t&OCCO_t', 'CO_t&OCCOH-H-ele_t', 'CO_t&OCCHOH_t', 'CO_t&H_t', 'CO_t&H-CO-ele_t', 'CO-H-ele_t&CO_t', 'CO_t&OCCOH_t', 'CO_t&OCCO-H-ele_t', 'CO_t&H-H_t', 'CO_t&OCCHO_t', 'CO_t&OCC-H_t', 'CO_t&H-ele_t', 'CO-_t&CO_t', 'CO_t&H-CO_t', 'COH-H-ele_t&CO_t', 'CO_t&OC-CHOH_t', 'CO_t&OC-CO_t', 'CO_t&OCC_t', 'CO-H-ele_t&H_t', 'H-ele_t&H_t', 'H2-ele_t&H_t', 'H-CO_t&H_t', 'COH-H-ele_t&H_t', 'H-CO-ele_t&H_t', 'H-H_t&H_t', 'H-ele_t&OCCH2O_t', 'H_t&OCCH2O_t', 'H2-ele_t&OCCH2O_t', 'H-CO_t&OCCH2O_t', 'COH-H-ele_t&OCCH2O_t', 'H-CO-ele_t&OCCH2O_t', 'CO-H-ele_t&OCCH2O_t', 'H-H_t&OCCH2O_t', 'H-ele_t&OCCHOH_t', 'H_t&OCCHOH_t', 'H2-ele_t&OCCHOH_t', 'H-CO_t&OCCHOH_t', 'COH-H-ele_t&OCCHOH_t', 'H-CO-ele_t&OCCHOH_t', 'CO-H-ele_t&OCCHOH_t', 'H-H_t&OCCHOH_t', 'H-ele_t&OCCHO_t', 'H_t&OCCHO_t', 'H2-ele_t&OCCHO_t', 'H-CO_t&OCCHO_t', 'COH-H-ele_t&OCCHO_t', 'H-CO-ele_t&OCCHO_t', 'CO-H-ele_t&OCCHO_t', 'H-H_t&OCCHO_t', 'H-ele_t&OCCH_t', 'H_t&OCCH_t', 'H2-ele_t&OCCH_t', 'H-CO_t&OCCH_t', 'COH-H-ele_t&OCCH_t', 'H-CO-ele_t&OCCH_t', 'CO-H-ele_t&OCCH_t', 'H-H_t&OCCH_t', 'H-ele_t&OCCOH_t', 'H_t&OCCOH_t', 'H2-ele_t&OCCOH_t', 'H-CO_t&OCCOH_t', 'COH-H-ele_t&OCCOH_t', 'H-CO-ele_t&OCCOH_t', 'CO-H-ele_t&OCCOH_t', 'H-H_t&OCCOH_t', 'H-ele_t&OCCO_t', 'H_t&OCCO_t', 'H2-ele_t&OCCO_t', 'H-CO_t&OCCO_t', 'COH-H-ele_t&OCCO_t', 'H-CO-ele_t&OCCO_t', 'CO-H-ele_t&OCCO_t', 'H-H_t&OCCO_t', 'H-ele_t&OCC_t', 'H_t&OCC_t', 'H2-ele_t&OCC_t', 'H-CO_t&OCC_t', 'COH-H-ele_t&OCC_t', 'H-CO-ele_t&OCC_t', 'CO-H-ele_t&OCC_t', 'H-H_t&OCC_t')

interaction_fitting_mode = None

interaction_parameters = [0, 2.467, 2.467, 2.467, 2.467, 2.467, 2.467, 2.467, 4.3172500000000005, 2.467, 0, 0, 2.467, 2.467, 2.467, 2.467, 2.467, 2.467, 2.467, 1.033, 2.467, 1.6775600000000002, 0.7401, 2.467, 2.5257146, 1.8995900000000001, 1.6775600000000002, 0.7401, 0.50918, 4.66263, 2.945598, 2.467, 2.467, 3.1441915, 0.7274, 1.94893, 7.8670162999999995, 1.08548, 2.467, 1.1565660000000002, 3.6607813, 2.467, 0.7855920000000001, 2.467, 2.467, 1.38152, 2.467, 2.467, 2.467, 2.467, 1.6775600000000002, 0.7401, 2.467, 2.5257146, 1.8995900000000001, 0.7401, 0.50918, 4.66263, 2.945598, 2.467, 2.467, 3.1441915, 0.7274, 1.94893, 7.8670162999999995, 1.08548, 2.467, 1.1565660000000002, 3.6607813, 2.467, 0.7855920000000001, 2.467, 2.467, 1.38152, 2.467, 2.467, 2.467, 2.467, 1.6775600000000002, 0.7401, 2.467, 2.5257146, 1.8995900000000001, 1.6775600000000002, 0.7401, 0.50918, 4.66263, 2.945598, 2.467, 2.467, 3.1441915, 0.7274, 1.94893, 7.8670162999999995, 1.08548, 2.467, 1.1565660000000002, 3.6607813, 2.467, 0.7855920000000001, 2.467, 2.467, 1.38152, 2.467, 2.467, 2.467, 2.467, 1.6775600000000002, 0.7401, 2.467, 2.5257146, 1.8995900000000001, 1.6775600000000002, 0.7401, 0.50918, 4.66263, 2.945598, 2.467, 2.467, 3.1441915, 0.7274, 1.94893, 7.8670162999999995, 1.08548, 2.467, 1.1565660000000002, 3.6607813, 2.467, 0.7855920000000001, 2.467, 2.467, 1.38152, 2.467, 2.467, 2.467, 2.467, 1.6775600000000002, 0.7401, 2.467, 2.5257146, 1.8995900000000001, 1.6775600000000002, 0.7401, 0.50918, 4.66263, 2.945598, 2.467, 2.467, 3.1441915, 0.7274, 1.94893, 7.8670162999999995, 1.08548, 2.467, 1.1565660000000002, 3.6607813, 2.467, 0.7855920000000001, 2.467, 2.467, 1.38152, 2.467, 2.467, 2.467, 2.467, 1.6775600000000002, 0.7401, 2.467, 2.5257146, 1.8995900000000001, 1.6775600000000002, 0.7401, 0.50918, 4.66263, 2.945598, 2.467, 2.467, 3.1441915, 0.7274, 1.94893, 7.8670162999999995, 1.08548, 2.467, 1.1565660000000002, 3.6607813, 2.467, 0.7855920000000001, 2.467, 2.467, 1.38152, 2.467, 2.467, 2.467, 2.467, 1.6775600000000002, 0.7401, 2.467, 2.5257146, 1.8995900000000001, 1.6775600000000002, 0.7401, 0.50918, 4.66263, 2.945598, 2.467, 2.467, 3.1441915, 0.7274, 1.94893, 7.8670162999999995, 1.08548, 2.467, 1.1565660000000002, 3.6607813, 2.467, 0.7855920000000001, 2.467, 2.467, 1.38152, 2.467, 2.467, 2.467, 2.467, 1.6775600000000002, 0.7401, 2.467, 2.5257146, 1.8995900000000001, 1.6775600000000002, 0.7401, 0.50918, 4.66263, 2.945598, 2.467, 2.467, 3.1441915, 0.7274, 1.94893, 7.8670162999999995, 1.08548, 2.467, 1.1565660000000002, 3.6607813, 2.467, 0.7855920000000001, 2.467, 2.467, 1.38152, 2.467, 2.467, 2.467, 2.3196058600000002, 0.0, 0.0, 0.7274, 0.40734400000000004, 0.5746460000000001, 0.0, 0.7855920000000001, 0.7274, 0.28368600000000005, 2.467, 1.38152, 1.94893, 7.8670162999999995, 1.1565660000000002, 0.7855920000000001, 0.7274, 0.28368600000000005, 2.467, 1.38152, 1.94893, 7.8670162999999995, 1.1565660000000002, 0.7855920000000001, 0.7274, 0.28368600000000005, 2.467, 1.38152, 1.94893, 7.8670162999999995, 1.1565660000000002, 0.7855920000000001, 0.7274, 0.28368600000000005, 2.467, 1.38152, 1.94893, 7.8670162999999995, 1.1565660000000002, 0.7855920000000001, 0.7274, 0.28368600000000005, 2.467, 1.38152, 1.94893, 7.8670162999999995, 1.1565660000000002, 0.7855920000000001, 0.7274, 0.28368600000000005, 2.467, 1.38152, 1.94893, 7.8670162999999995, 1.1565660000000002, 0.7855920000000001, 0.7274, 0.28368600000000005, 2.467, 1.38152, 1.94893, 7.8670162999999995, 1.1565660000000002]

interaction_response_parameters = {'slope': 1, 'cutoff': 0.25, 'smoothing': 0.05}

interaction_scaling_constraint_dict = {'OH_t': [0, 0, None], 'CHO_t': [0, 0, None], 'H_t': [0, 0, None], 'CH_t': [0, 0, None], 'CH2_t': [0, 0, None], 'CO_t': [0, 0, None], 'CH3_t': [0, 0, None], 'COH_t': [0, 0, None]}

interaction_strength = 1.0

interaction_surface_names = None

interaction_transition_state_scaling_matrix = [[0, 0, 0, 0.5, 0, 0, 0, 0.5, 0, 0, 0.5, 0, 0, 0, 0, 0, 0, 0, 0, 0], [0, 0, 0, 0.5, 0.5, 0, 0, 0, 0, 0, 0.5, 0, 0, 0, 0, 0, 0, 0, 0, 0], [0, 0.5, 0.5, 0, 0, 0, 0, 0, 0, 0, 0, 0, 0, 0, 0, 0, 0, 0, 0, 0], [0, 0, 0.5, 0, 0, 0, 0.5, 0, 0, 0, 0, 0, 0, 0, 0, 0, 0, 0, 0, 0], [0, 0.5, 0, 0.5, 0, 0, 0, 0, 0, 0, 0, 0, 0, 0, 0, 0, 0, 0, 0, 0], [0, 0, 0, 0, 0.5, 0, 0, 0, 0, 0, 0.5, 0, 0, 0, 0, 0, 0, 0, 0, 0], [0, 0, 0, 0, 0, 0.5, 0.5, 0, 0, 0, 0, 0, 0, 0, 0, 0, 0, 0, 0, 0], [0, 0, 0, 0, 0, 0.5, 0, 0.5, 0, 0, 0, 0, 0, 0, 0, 0, 0, 0, 0, 0], [0, 0, 0, 0, 0, 0, 0, 0, 0.5, 0.5, 0, 0, 0, 0, 0, 0, 0, 0, 0, 0], [0, 0, 0, 0, 0, 0, 0, 0, 0.5, 0.5, 0.5, 0, 0, 0, 0, 0, 0, 0, 0, 0], [0, 0, 0, 0, 0, 0, 0, 0, 0, 0.5, 0, 0, 0, 0, 0, 0, 0, 0, 0, 0], [0, 0, 0, 0, 0, 0.5, 0, 0, 0.5, 0, 0, 0, 0, 0, 0, 0, 0, 0, 0, 0], [0, 0, 0, 0, 0, 0, 0.5, 0, 0, 0.5, 0, 0, 0, 0, 0, 0, 0, 0, 0, 0], [0, 0, 0, 0, 0, 0, 0.5, 0, 0, 0.5, 0.5, 0, 0, 0, 0, 0, 0, 0, 0, 0], [0, 0, 0, 0, 0, 0, 0, 0, 0, 0, 1.0, 0, 0, 0, 0, 0, 0, 0, 0, 0], [0, 0, 0, 0, 0, 0, 0, 0, 0, 0, 0.5, 0, 0, 0, 0, 0, 0, 0, 0, 0], [0, 0, 0, 0, 0, 0, 0, 0, 0, 0, 0.5, 0, 0, 0, 0, 0, 0, 0, 0, 0], [0, 0, 0.5, 0, 0, 0, 0, 0, 0, 0.5, 0, 0, 0.5, 0, 0, 0, 0, 0, 0, 0], [0, 0, 0, 0, 0, 0.5, 0, 0, 0, 0.5, 0, 0, 0, 0.5, 0, 0, 0, 0, 0, 0], [0, 0, 0, 0, 0, 0, 0.5, 0, 0, 0.5, 0, 0, 0, 0, 0.5, 0, 0, 0, 0, 0], [0, 0, 0, 0, 0, 0, 0, 0, 0, 1.0, 0, 0, 0, 0, 0, 0, 0, 0.5, 0, 0], [0, 0, 0, 0, 0, 0, 0, 0, 0, 0, 0, 0, 0, 0, 0, 0.5, 0, 0, 0.5, 0], [0, 0, 0, 0, 0, 0, 0, 0, 0, 0, 0, 0, 0, 0, 0.5, 0, 0, 0.5, 0, 0], [0, 0, 0, 0, 0, 0, 0, 0, 0, 0, 0.5, 0, 0, 0, 0.5, 0, 0, 0.5, 0, 0], [0, 0, 0, 0, 0, 0, 0, 0, 0, 0, 0.5, 0, 0, 0, 0, 0.5, 0, 0, 0.5, 0], [0, 0, 0, 0, 0, 0, 0, 0, 0, 0, 0, 0, 0, 0, 0, 0, 0.5, 0.5, 0, 0], [0, 0, 0, 0, 0, 0, 0, 0, 0, 0, 0, 0, 0, 0, 0, 0, 0.5, 0, 0.5, 0]]

internally_constrain_coverages = True

max_bisections = 3

max_initial_guesses = 3

max_rootfinding_iterations = 200

model_name = 'COR'

numAfterPt = 0

numBeforePt = 0

numerical_delta_theta = None

numerical_representation = 'mpmath'

optimize_analytical_expressions = False

output_labels = {'interaction_matrix': [('CH2O_dl', 'CH2OH_t', 'CH2O_t', 'CH2_t', 'CH3_t', 'CHOH_t', 'CHO_t', 'CH_t', 'COH_t', 'CO_t', 'H_t', 'O2_t', 'OCCH2O_t', 'OCCHOH_t', 'OCCHO_t', 'OCCH_t', 'OCCOH_t', 'OCCO_t', 'OCC_t', 'OH_t', 'CH-H_t', 'CH2-H_t', 'CH2O-H-ele_t', 'CH2O-ele_t', 'CH2OH-H-ele_t', 'CH3-H_t', 'CHO-H-ele_t', 'CHOH-H-ele_t', 'CO-H-ele_t', 'CO-H_t', 'CO-_t', 'COH-H-ele_t', 'H-CO-ele_t', 'H-CO_t', 'H-H_t', 'H-ele_t', 'H2-ele_t', 'OC-CH2O_t', 'OC-CHOH_t', 'OC-CHO_t', 'OC-CO_t', 'OCC-H-ele_t', 'OCC-HO-ele_t', 'OCC-HO_t', 'OCC-H_t', 'OCCO-H-ele_t', 'OCCOH-H-ele_t'), ('CH2O_dl', 'CH2OH_t', 'CH2O_t', 'CH2_t', 'CH3_t', 'CHOH_t', 'CHO_t', 'CH_t', 'COH_t', 'CO_t', 'H_t', 'O2_t', 'OCCH2O_t', 'OCCHOH_t', 'OCCHO_t', 'OCCH_t', 'OCCOH_t', 'OCCO_t', 'OCC_t', 'OH_t', 'CH-H_t', 'CH2-H_t', 'CH2O-H-ele_t', 'CH2O-ele_t', 'CH2OH-H-ele_t', 'CH3-H_t', 'CHO-H-ele_t', 'CHOH-H-ele_t', 'CO-H-ele_t', 'CO-H_t', 'CO-_t', 'COH-H-ele_t', 'H-CO-ele_t', 'H-CO_t', 'H-H_t', 'H-ele_t', 'H2-ele_t', 'OC-CH2O_t', 'OC-CHOH_t', 'OC-CHO_t', 'OC-CO_t', 'OCC-H-ele_t', 'OCC-HO-ele_t', 'OCC-HO_t', 'OCC-H_t', 'OCCO-H-ele_t', 'OCCOH-H-ele_t')], 'selectivity': ('CH2O_g', 'CH3CH2OH_g', 'CH4_g', 'CO_g', 'H2O_g', 'H2_g', 'H_g', 'O2_g', 'ele_g'), 'rate': ([['H_g', 'ele_g', 't'], ['H-ele_t'], ['H_t']], [['H_g', 'ele_g', 'H_t'], ['H2-ele_t'], ['H2_g', 't']], [['H_t', 'H_t'], ['H-H_t', 't'], ['H2_g', 't', 't']], [['OH_t', 'H_g', 'ele_g'], ['H2O_g', 't']], [['CO_g', 't'], ['CO-_t'], ['CO_t']], [['CO_t', 'H_g', 'ele_g'], ['H-CO-ele_t'], ['CHO_t']], [['CHO_t', 'H_g', 'ele_g'], ['CHO-H-ele_t'], ['CHOH_t']], [['CHOH_t', 'H_g', 'ele_g'], ['CHOH-H-ele_t'], ['CH_t', 'H2O_g']], [['CH_t', 'H_g', 'ele_g'], ['CH2_t']], [['CH2_t', 'H_g', 'ele_g'], ['CH3_t']], [['CH3_t', 'H_g', 'ele_g'], ['CH4_g', 't']], [['CHO_t', 'H_g', 'ele_g'], ['CH2O-ele_t'], ['CH2O_t']], [['CH2O_t', 'H_g', 'ele_g'], ['CH2O-H-ele_t'], ['CH2OH_t']], [['CH2OH_t', 'H_g', 'ele_g'], ['CH2OH-H-ele_t'], ['CH2_t', 'H2O_g']], [['CH2O_t', 'dl'], ['CH2O_dl', 't']], [['CH2O_dl'], ['CH2O_g', 'dl']], [['CO_t', 'H_g', 'ele_g'], ['CO-H-ele_t'], ['COH_t']], [['COH_t', 'H_g', 'ele_g'], ['COH-H-ele_t'], ['CHOH_t']], [['CO_t', 'H_t'], ['H-CO_t', 't'], ['CHO_t', 't']], [['CO_t', 'H_t'], ['CO-H_t', 't'], ['COH_t', 't']], [['CH_t', 'H_t'], ['CH-H_t', 't'], ['CH2_t', 't']], [['CH2_t', 'H_t'], ['CH2-H_t', 't'], ['CH3_t', 't']], [['CH3_t', 'H_t'], ['CH3-H_t', 't'], ['CH4_g', 't', 't']], [['O2_g', 't'], ['O2_t']], [['CO_t', 'CO_t'], ['OC-CO_t'], ['OCCO_t']], [['OCCO_t', 'H_t'], ['OCC-HO_t', 't'], ['OCCHO_t', 't']], [['OCCO_t', 'H_g', 'ele_g'], ['OCC-HO-ele_t'], ['OCCHO_t']], [['CO_t', 'CHO_t'], ['OC-CHO_t'], ['OCCHO_t']], [['OCCHO_t', 'H_g', 'H_g', 'H_g', 'H_g', 'H_g', 'H_g', 'H_g', 'ele_g', 'ele_g', 'ele_g', 'ele_g', 'ele_g', 'ele_g', 'ele_g'], ['CH3CH2OH_g', 't', 't', 'H2O_g']], [['OCCO_t', 'H_g', 'ele_g'], ['OCCO-H-ele_t'], ['OCCOH_t']], [['OCCOH_t', 'H_g', 'ele_g'], ['OCCOH-H-ele_t'], ['OCC_t', 'H2O_g']], [['OCC_t', 'H_g', 'ele_g'], ['OCC-H-ele_t'], ['OCCH_t']], [['OCC_t', 'H_t'], ['OCC-H_t', 't'], ['OCCH_t', 't']], [['OCCH_t', 'H_g', 'H_g', 'H_g', 'H_g', 'H_g', 'ele_g', 'ele_g', 'ele_g', 'ele_g', 'ele_g'], ['CH3CH2OH_g', 't', 't']], [['CO_t', 'CHOH_t'], ['OC-CHOH_t'], ['OCCHOH_t']], [['OCCHOH_t', 'H_g', 'H_g', 'H_g', 'H_g', 'H_g', 'H_g', 'ele_g', 'ele_g', 'ele_g', 'ele_g', 'ele_g', 'ele_g'], ['CH3CH2OH_g', 't', 't', 'H2O_g']], [['CH2O_t', 'CO_t'], ['OC-CH2O_t'], ['OCCH2O_t']], [['OCCH2O_t', 'H_g', 'H_g', 'H_g', 'H_g', 'H_g', 'H_g', 'ele_g', 'ele_g', 'ele_g', 'ele_g', 'ele_g', 'ele_g'], ['CH3CH2OH_g', 't', 't', 'H2O_g']]), 'production_rate': ('CH2O_g', 'CH3CH2OH_g', 'CH4_g', 'CO_g', 'H2O_g', 'H2_g', 'H_g', 'O2_g', 'ele_g'), 'coverage': ('CH2O_dl', 'CH2OH_t', 'CH2O_t', 'CH2_t', 'CH3_t', 'CHOH_t', 'CHO_t', 'CH_t', 'COH_t', 'CO_t', 'H_t', 'O2_t', 'OCCH2O_t', 'OCCHOH_t', 'OCCHO_t', 'OCCH_t', 'OCCOH_t', 'OCCO_t', 'OCC_t', 'OH_t'), 'interacting_energy': ('CH2O_dl', 'CH2OH_t', 'CH2O_t', 'CH2_t', 'CH3_t', 'CHOH_t', 'CHO_t', 'CH_t', 'COH_t', 'CO_t', 'H_t', 'O2_t', 'OCCH2O_t', 'OCCHOH_t', 'OCCHO_t', 'OCCH_t', 'OCCOH_t', 'OCCO_t', 'OCC_t', 'OH_t', 'CH-H_t', 'CH2-H_t', 'CH2O-H-ele_t', 'CH2O-ele_t', 'CH2OH-H-ele_t', 'CH3-H_t', 'CHO-H-ele_t', 'CHOH-H-ele_t', 'CO-H-ele_t', 'CO-H_t', 'CO-_t', 'COH-H-ele_t', 'H-CO-ele_t', 'H-CO_t', 'H-H_t', 'H-ele_t', 'H2-ele_t', 'OC-CH2O_t', 'OC-CHOH_t', 'OC-CHO_t', 'OC-CO_t', 'OCC-H-ele_t', 'OCC-HO-ele_t', 'OCC-HO_t', 'OCC-H_t', 'OCCO-H-ele_t', 'OCCOH-H-ele_t'), 'free_energy': ('CH2O_g', 'CH3CH2OH_g', 'CH4_g', 'CO_g', 'H2O_g', 'H2_g', 'H_g', 'O2_g', 'ele_g', 'CH2O_dl', 'CH2OH_t', 'CH2O_t', 'CH2_t', 'CH3_t', 'CHOH_t', 'CHO_t', 'CH_t', 'COH_t', 'CO_t', 'H_t', 'O2_t', 'OCCH2O_t', 'OCCHOH_t', 'OCCHO_t', 'OCCH_t', 'OCCOH_t', 'OCCO_t', 'OCC_t', 'OH_t', 'CH-H_t', 'CH2-H_t', 'CH2O-H-ele_t', 'CH2O-ele_t', 'CH2OH-H-ele_t', 'CH3-H_t', 'CHO-H-ele_t', 'CHOH-H-ele_t', 'CO-H-ele_t', 'CO-H_t', 'CO-_t', 'COH-H-ele_t', 'H-CO-ele_t', 'H-CO_t', 'H-H_t', 'H-ele_t', 'H2-ele_t', 'OC-CH2O_t', 'OC-CHOH_t', 'OC-CHO_t', 'OC-CO_t', 'OCC-H-ele_t', 'OCC-HO-ele_t', 'OCC-HO_t', 'OCC-H_t', 'OCCO-H-ele_t', 'OCCOH-H-ele_t')}

output_variables = ['coverage', 'rate', 'production_rate', 'free_energy', 'selectivity', 'interacting_energy', 'interaction_matrix']

pH = 7

parameter_mode = 'formation_energy'

parameter_names = ('CH2O_dl', 'CH2OH_t', 'CH2O_t', 'CH2_t', 'CH3_t', 'CHOH_t', 'CHO_t', 'CH_t', 'COH_t', 'CO_t', 'H_t', 'O2_t', 'OCCH2O_t', 'OCCHOH_t', 'OCCHO_t', 'OCCH_t', 'OCCOH_t', 'OCCO_t', 'OCC_t', 'OH_t', 'CH-H_t', 'CH2-H_t', 'CH2O-H-ele_t', 'CH2O-ele_t', 'CH2OH-H-ele_t', 'CH3-H_t', 'CHO-H-ele_t', 'CHOH-H-ele_t', 'CO-H-ele_t', 'CO-H_t', 'CO-_t', 'COH-H-ele_t', 'H-CO-ele_t', 'H-CO_t', 'H-H_t', 'H-ele_t', 'H2-ele_t', 'OC-CH2O_t', 'OC-CHOH_t', 'OC-CHO_t', 'OC-CO_t', 'OCC-H-ele_t', 'OCC-HO-ele_t', 'OCC-HO_t', 'OCC-H_t', 'OCCO-H-ele_t', 'OCCOH-H-ele_t')

parse_headers = ['formation_energy', 'frequencies']

perturbation_size = 1e-14

potential_reference_scale = 'RHE'

prefactor_list = ['1e+13', '1e+13', '1e+13', '1e+13', '1e+13', '1e+13', '1e+13', '1e+13', '1e+13', '1e+13', '1e+13', '1e+13', '1e+13', '1e+13', '1e+13', '1e+13', '1e+13', '1e+13', '1e+13', '1e+13', '1e+13', '1e+13', '1e+13', '1e+13', '1e+13', '1e+13', '1e+13', '1e+13', '1e+13', '1e+13', '1e+13', '1e+13', '1e+13', '1e+13', '1e+13', '1e+13', '1e+13', '1e+13']

pressure = 1

pressure_mode = 'static'

products = ['CH2O_g', 'CH3CH2OH_g', 'CH4_g', 'H2O_g', 'H2_g', 'O2_g']

reactants = ['CO_g', 'H_g', 'ele_g']

required_headers = ['species_name', 'surface_name', 'site_name', 'formation_energy', 'frequencies', 'reference']

residual_threshold = 0.9

resolution = [31, 1]

rxn_expressions = ['H_g + ele_g + *_t <-> H-ele*_t <-> H*_t; beta=0.7', 'H_g + ele_g + H*_t -> H2-ele*_t -> H2_g + *_t; beta=0.5', 'H*_t + H*_t -> H-H*_t + *_t -> H2_g + 2*_t', 'OH*_t + H_g + ele_g <-> H2O_g + *_t', 'CO_g + *_t <-> CO-*_t <-> CO*_t', 'CO*_t + H_g + ele_g <-> H-CO-ele*_t <-> CHO*_t; beta=0.5', 'CHO_t + H_g + ele_g <-> CHO-H-ele_t <-> CHOH_t', 'CHOH_t + H_g + ele_g <-> CHOH-H-ele_t <-> CH*_t + H2O_g', 'CH*_t + H_g + ele_g <-> CH2*_t', 'CH2*_t + H_g + ele_g <-> CH3*_t', 'CH3*_t + H_g + ele_g <-> CH4_g + *_t', 'CHO*_t + H_g + ele_g <-> CH2O-ele*_t <-> CH2O*_t; beta=0.5', 'CH2O*_t + H_g + ele_g <-> CH2O-H-ele*_t <-> CH2OH*_t; beta=0.5', 'CH2OH*_t + H_g + ele_g <-> CH2OH-H-ele*_t <-> CH2*_t + H2O_g; beta=0.5', 'CH2O*_t + *_dl <-> CH2O*_dl + *_t', 'CH2O*_dl <-> CH2O_g + *_dl', 'CO*_t + H_g + ele_g <-> CO-H-ele*_t <-> COH*_t', 'COH_t + H_g + ele_g <-> COH-H-ele_t <-> CHOH_t', 'CO*_t + H_t <-> H-CO_t + *_t <-> CHO_t + *_t', 'CO_t + H_t <-> CO-H_t + *_t <-> COH_t + *_t', 'CH*_t + H*_t <-> CH-H*_t + *_t <-> CH2*_t + *_t', 'CH2*_t + H*_t <-> CH2-H*_t + *_t <-> CH3*_t + *_t', 'CH3*_t + H*_t <-> CH3-H*_t + *_t <-> CH4*_g + 2*_t', 'O2_g + *_t -> O2*_t', '2CO_t <-> OC-CO_t <-> OCCO_t', 'OCCO_t + H_t <-> OCC-HO_t + *_t <-> OCCHO_t + *_t', 'OCCO_t + H_g + ele_g <-> OCC-HO-ele_t <-> OCCHO_t', 'CO_t + CHO_t <-> OC-CHO_t <-> OCCHO_t', 'OCCHO_t + 7H_g + 7ele_g <-> CH3CH2OH_g + 2*_t + H2O_g', 'OCCO_t + H_g + ele_g <-> OCCO-H-ele_t <-> OCCOH_t', 'OCCOH_t + H_g + ele_g <-> OCCOH-H-ele_t <-> OCC_t + H2O_g', 'OCC_t + H_g + ele_g <-> OCC-H-ele_t <-> OCCH_t', 'OCC_t + H_t <-> OCC-H_t + *_t <-> OCCH_t + *_t', 'OCCH_t + 5H_g + 5ele_g <-> CH3CH2OH_g + 2*_t', 'CO_t + CHOH_t <-> OC-CHOH_t <-> OCCHOH_t', 'OCCHOH_t + 6H_g + 6ele_g <-> CH3CH2OH_g + 2*_t + H2O_g', 'CH2O*_t + CO*_t <-> OC-CH2O*_t <-> OCCH2O*_t', 'OCCH2O*_t + 6H_g + 6ele_g <-> CH3CH2OH_g + 2*_t + H2O_g']

rxn_mechanisms = {'CH2O_via_CH2O': [5, 6, 12, 16, 17], 'C1_via_CHOH': [5, 6, 7, 8, 9, 10, 11], 'C1_via_CH2O': [5, 6, 12, 13, 14, 10, 11]}

rxn_options_dict = {'beta': {0: '0.7', 1: '0.5', 5: '0.5', 11: '0.5', 12: '0.5', 13: '0.5'}, 'prefactor': {}}

search_directions = [[0, 0], [0, 1], [1, 0], [0, -1], [-1, 0], [-1, 1], [1, 1], [1, -1], [-1, -1]]

setup_file = 'COR.mkm'

shomate_params = {'HNO3_g:298-1200': [19.63229, 153.9599, -115.8378, 32.87955, -0.249114, -146.8818, 247.7049, -134.306], 'CH4_g:298-1300': [-0.703029, 108.4773, -42.52157, 5.862788, 0.678565, -76.84376, 158.7163, -74.8731], 'C5H4O2_g:100-1500': [-16.36694, 0.46958, -0.000331925, 8.50912e-08, 198590.9145, -1661.34999, -15.68938, 12461.34999], 'CH2CH2_g:298-1200': [-6.38788, 184.4019, -112.9718, 28.49593, 0.31554, 48.17332, 163.1568, 52.46694], 'HCN_g:298-1200': [32.69373, 22.59205, -4.369142, -0.407697, -0.282399, 123.4811, 233.2597, 135.1432], 'N2_g:100-500': [28.98641, 1.853978, -9.647459, 16.63537, 0.000117, -8.671914, 226.4168, 0.0], 'O2_g:2000-6000': [20.91111, 10.72071, -2.020498, 0.146449, 9.245722, 5.337651, 237.6185, 0.0], 'HCl_g:298-1200': [32.12392, -13.45805, 19.86852, -6.853936, -0.049672, -101.6206, 228.6866, -92.31201], 'CO2_g:1200-6000': [58.16639, 2.720075, -0.492289, 0.038844, -6.447293, -425.9186, 263.6125, -393.5224], 'H2_g:1000-2500': [18.563083, 12.257357, -2.859786, 0.268238, 1.97799, -1.147438, 156.288133, 0], 'Cl2_g:298-1000': [33.0506, 12.2294, -12.0651, 4.38533, -0.159494, -10.8348, 259.029, 0.0], 'HNO2_g:298-1200': [24.89974, 91.37563, -64.84614, 17.92007, -0.134737, -88.13596, 254.2671, -76.73498], 'NO_g:298-1200': [23.83491, 12.58878, -1.139011, -1.497459, 0.214194, 83.35783, 237.1219, 90.29114], 'NH3_g:298-1400': [19.99563, 49.77119, -15.37599, 1.921168, 0.189174, -53.30667, 203.8591, -45.89806], 'N2_g:500-2000': [19.50583, 19.88705, -8.598535, 1.369784, 0.527601, -4.935202, 212.39, 0.0], 'O2_g:100-700': [31.32234, -20.23531, 57.8664, -36.50624, -0.007374, -8.903471, 246.7945, 0.0], 'CO_g:1300-1600': [35.1507, 1.300095, -0.205921, 0.01355, -3.28278, -127.8375, 231.712, -110.5271], 'CH2O_g:298-1500': [5.193767, 93.23249, -44.85457, 7.882279, 0.551175, -119.3591, 202.4663, -115.8972], 'CH4_g:1300-1600': [85.81217, 11.26467, -2.114146, 0.13819, -26.42221, -153.5327, 224.4143, -74.8731], 'C5H6O2_g:100-1500': [-18.57626, 0.50733, -0.000335824, 8.28263e-08, 231619.2141, -6357.53523, 2.75692, 7057.53523], 'H2O_g:1700-6000': [41.96426, 8.622053, -1.49978, 0.098119, -11.15764, -272.1797, 219.7809, -241.8264], 'H2_g:2500-6000': [43.41356, -4.293079, 1.272428, -0.096876, -20.533862, -38.515158, 162.081354, 0], 'H2_g:298-1000': [33.066178, -11.363417, 11.432816, -2.772874, -0.158558, -9.980797, 172.707974, 0], 'NO3_g:298-1200': [11.22316, 166.3889, -148.4458, 47.40598, -0.176791, 61.00858, 221.7679, 71.128], 'C5H6O_g:50-1500': [1.26847, 0.35388, -0.000173962, 2.87427e-08, 48401.71207, -5691.94893, -85.38991, 7191.94893], 'CO_g:298-1300': [25.56759, 6.09613, 4.054656, -2.671201, 0.131021, -118.0089, 227.3665, -110.5271], 'O2_g:700-2000': [30.03235, 8.772972, -3.988133, 0.788313, -0.741599, -11.32468, 236.1663, 0.0], 'H2O_g:500-1700': [30.092, 6.832514, 6.793435, -2.53448, 0.082139, -250.881, 223.3967, -241.8264], 'CH3CH2OH_g:298-1500': [-4.7367880805894265, 271.96181550301463, -169.34946529216657, 43.73860153608533, 0.24643430702178773, -9.828280829187861, 203.3325622617075, 0.0], 'CH3CHO_g:298-1500': [4.8037386340099095, 185.92002366990326, -99.1084610902012, 20.61473919069016, 0.2770802548558646, -8.566600040790945, 220.00244674443837, 0.0], 'N2O_g:298-1400': [27.67988, 51.14898, -30.64454, 6.847911, -0.157906, 71.24934, 238.6164, 82.04824], 'HCOOH_g:298-1500': [3.802752304225226, 153.66217894746168, -84.64046773816926, 16.297377707561505, 0.2772064997263338, -6.16527, 212.9698972559699, 0], 'NO2_g:298-1200': [16.10857, 75.89525, -54.3874, 14.30777, 0.239423, 26.17464, 240.5386, 33.09502], 'CO2_g:298-1200': [24.99735, 55.18696, -33.69137, 7.948387, -0.136638, -403.6075, 228.2431, -393.5224], 'H2O_g:100-500': [36.303952, -24.11232, 63.64111, -38.9524, -0.01385, -10.23966, 237.39431, 0.0], 'CH3OH_g:298-1500': [-1.0845814245433651, 153.2463565199489, -79.53050359618254, 16.47130239316011, 0.5220334601533215, -4.897417024069, 199.1893745506112, 0.0]}

site_names = ('dl', 't', 'g')

sp = 'OC-CH2O_t'

species = 'CH2OH_t'

standard_coadsorbate_coverage = 'min'

standard_coverage = 'min'

surface_names = ('Cu',)

temperature = 300.0

thermodynamic_corrections = ['gas', 'adsorbate', 'electrochemical']

thermodynamic_variables = ['temperature', 'gas_pressures', 'voltage', 'beta', 'pH', 'Upzc', 'gas_thermo_mode', 'adsorbate_thermo_mode']

tolerance = 1e-25

transition_state_cross_interaction_mode = 'intermediate_state'

transition_state_names = ('CH-H_t', 'CH2-H_t', 'CH2O-H-ele_t', 'CH2O-ele_t', 'CH2OH-H-ele_t', 'CH3-H_t', 'CHO-H-ele_t', 'CHOH-H-ele_t', 'CO-H-ele_t', 'CO-H_t', 'CO-_t', 'COH-H-ele_t', 'H-CO-ele_t', 'H-CO_t', 'H-H_t', 'H-ele_t', 'H2-ele_t', 'OC-CH2O_t', 'OC-CHOH_t', 'OC-CHO_t', 'OC-CO_t', 'OCC-H-ele_t', 'OCC-HO-ele_t', 'OCC-HO_t', 'OCC-H_t', 'OCCO-H-ele_t', 'OCCOH-H-ele_t')

verbose = 1

voltage = -1.6000000000000001

stdout = """mapper_iteration_0: status - 31 points do not have valid solution.
minresid_iteration_0: success - [ 0.20,300.00] using coverages from [ 0.20,300.00]
rootfinding_iteration_2: fail - stagnated or diverging (residual = 378297041.001)
minresid_iteration_0: fail - [ 0.14,300.00] using coverages from [ 0.14,300.00]; initial residual was 403096951.077 (residual = 378297041.001)
minresid_iteration_1: success - [ 0.14,300.00] using coverages from [ 0.20,300.00]
rootfinding_iteration_2: fail - stagnated or diverging (residual = 125323373.586)
minresid_iteration_0: fail - [ 0.08,300.00] using coverages from [ 0.08,300.00]; initial residual was 126308229.317 (residual = 125323373.586)
minresid_iteration_1: success - [ 0.08,300.00] using coverages from [ 0.14,300.00]
rootfinding_iteration_2: fail - stagnated or diverging (residual = 39423542.0072)
minresid_iteration_0: fail - [ 0.02,300.00] using coverages from [ 0.02,300.00]; initial residual was 39577992.5626 (residual = 39423542.0072)
minresid_iteration_1: success - [ 0.02,300.00] using coverages from [ 0.08,300.00]
rootfinding_iteration_2: fail - stagnated or diverging (residual = 12353145.9658)
minresid_iteration_0: fail - [-0.04,300.00] using coverages from [-0.04,300.00]; initial residual was 12401542.1818 (residual = 12353145.9658)
minresid_iteration_1: success - [-0.04,300.00] using coverages from [ 0.02,300.00]
rootfinding_iteration_2: fail - stagnated or diverging (residual = 3863197.51779)
minresid_iteration_0: fail - [-0.10,300.00] using coverages from [-0.10,300.00]; initial residual was 3885937.03275 (residual = 3863197.51779)
minresid_iteration_1: success - [-0.10,300.00] using coverages from [-0.04,300.00]
rootfinding_iteration_2: fail - stagnated or diverging (residual = 1205706.18384)
minresid_iteration_0: fail - [-0.16,300.00] using coverages from [-0.16,300.00]; initial residual was 1217578.01538 (residual = 1205706.18384)
minresid_iteration_1: success - [-0.16,300.00] using coverages from [-0.10,300.00]
rootfinding_iteration_2: fail - stagnated or diverging (residual = 375397.615193)
minresid_iteration_0: fail - [-0.22,300.00] using coverages from [-0.22,300.00]; initial residual was 381332.663359 (residual = 375397.615193)
minresid_iteration_1: success - [-0.22,300.00] using coverages from [-0.16,300.00]
rootfinding_iteration_3: fail - stagnated or diverging (residual = 0.0619008338961)
minresid_iteration_0: fail - [-0.28,300.00] using coverages from [-0.28,300.00]; initial residual was 203510.278546 (residual = 0.0619008338961)
minresid_iteration_1: success - [-0.28,300.00] using coverages from [-0.22,300.00]
rootfinding_iteration_2: fail - stagnated or diverging (residual = 1530.5304217)
minresid_iteration_0: fail - [-0.34,300.00] using coverages from [-0.34,300.00]; initial residual was 203510.278546 (residual = 1530.5304217)
minresid_iteration_1: success - [-0.34,300.00] using coverages from [-0.28,300.00]
rootfinding_iteration_10: fail - stagnated or diverging (residual = 45209.7113567)
minresid_iteration_0: fail - [-0.40,300.00] using coverages from [-0.40,300.00]; initial residual was 43353124.9654 (residual = 45209.7113567)
minresid_iteration_1: success - [-0.40,300.00] using coverages from [-0.34,300.00]
rootfinding_iteration_1: cancel - stationary point or singular jacobian (residual = 4.75061254715e+12)
minresid_iteration_0: fail - [-0.46,300.00] using coverages from [-0.46,300.00]; initial residual was 4.75061254715e+12 (residual = 4.75061254715e+12)
minresid_iteration_1: success - [-0.46,300.00] using coverages from [-0.40,300.00]
minresid_iteration_0: success - [-0.52,300.00] using coverages from [-0.52,300.00]
minresid_iteration_0: success - [-0.58,300.00] using coverages from [-0.58,300.00]
minresid_iteration_0: success - [-0.64,300.00] using coverages from [-0.64,300.00]
rootfinding_iteration_5: fail - stagnated or diverging (residual = 21525979062.0)
minresid_iteration_0: fail - [-0.70,300.00] using coverages from [-0.70,300.00]; initial residual was 9.99908854815e+12 (residual = 21525979062.0)
minresid_iteration_1: success - [-0.70,300.00] using coverages from [-0.64,300.00]
rootfinding_iteration_4: fail - stagnated or diverging (residual = 18345026164.8)
minresid_iteration_0: fail - [-0.76,300.00] using coverages from [-0.76,300.00]; initial residual was 9.99908361252e+12 (residual = 18345026164.8)
minresid_iteration_1: success - [-0.76,300.00] using coverages from [-0.70,300.00]
rootfinding_iteration_4: fail - stagnated or diverging (residual = 934673193.211)
minresid_iteration_0: fail - [-0.82,300.00] using coverages from [-0.82,300.00]; initial residual was 9.99906786117e+12 (residual = 934673193.211)
minresid_iteration_1: success - [-0.82,300.00] using coverages from [-0.76,300.00]
rootfinding_iteration_3: fail - stagnated or diverging (residual = 270448404.124)
minresid_iteration_0: fail - [-0.88,300.00] using coverages from [-0.88,300.00]; initial residual was 9.99901759272e+12 (residual = 270448404.124)
minresid_iteration_1: success - [-0.88,300.00] using coverages from [-0.82,300.00]
rootfinding_iteration_3: fail - stagnated or diverging (residual = 25804310.2883)
minresid_iteration_0: fail - [-0.94,300.00] using coverages from [-0.94,300.00]; initial residual was 9.99885716724e+12 (residual = 25804310.2883)
minresid_iteration_1: success - [-0.94,300.00] using coverages from [-0.88,300.00]
rootfinding_iteration_4: fail - stagnated or diverging (residual = 2700204.89077)
minresid_iteration_0: fail - [-1.00,300.00] using coverages from [-1.00,300.00]; initial residual was 9.99834518934e+12 (residual = 2700204.89077)
minresid_iteration_1: success - [-1.00,300.00] using coverages from [-0.94,300.00]
rootfinding_iteration_4: fail - stagnated or diverging (residual = 1743118.78368)
minresid_iteration_0: fail - [-1.06,300.00] using coverages from [-1.06,300.00]; initial residual was 9.9981818043e+12 (residual = 1743118.78368)
minresid_iteration_1: success - [-1.06,300.00] using coverages from [-1.00,300.00]
rootfinding_iteration_4: fail - stagnated or diverging (residual = 567999.358725)
minresid_iteration_0: fail - [-1.12,300.00] using coverages from [-1.12,300.00]; initial residual was 9.9981818043e+12 (residual = 567999.358725)
minresid_iteration_1: success - [-1.12,300.00] using coverages from [-1.06,300.00]
rootfinding_iteration_5: fail - stagnated or diverging (residual = 94533.7082087)
minresid_iteration_0: fail - [-1.18,300.00] using coverages from [-1.18,300.00]; initial residual was 9.9981818043e+12 (residual = 94533.7082087)
minresid_iteration_1: success - [-1.18,300.00] using coverages from [-1.12,300.00]
rootfinding_iteration_6: fail - stagnated or diverging (residual = 45110.1178411)
minresid_iteration_0: fail - [-1.24,300.00] using coverages from [-1.24,300.00]; initial residual was 9.9981818043e+12 (residual = 45110.1178411)
minresid_iteration_1: success - [-1.24,300.00] using coverages from [-1.18,300.00]
rootfinding_iteration_7: fail - stagnated or diverging (residual = 6406.30385238)
minresid_iteration_0: fail - [-1.30,300.00] using coverages from [-1.30,300.00]; initial residual was 9.9981818043e+12 (residual = 6406.30385238)
minresid_iteration_1: success - [-1.30,300.00] using coverages from [-1.24,300.00]
minresid_iteration_0: success - [-1.36,300.00] using coverages from [-1.36,300.00]
minresid_iteration_0: success - [-1.42,300.00] using coverages from [-1.42,300.00]
minresid_iteration_0: success - [-1.48,300.00] using coverages from [-1.48,300.00]
minresid_iteration_0: success - [-1.54,300.00] using coverages from [-1.54,300.00]
rootfinding_iteration_11: fail - stagnated or diverging (residual = 735.66711031)
minresid_iteration_0: fail - [-1.60,300.00] using coverages from [-1.60,300.00]; initial residual was 9.9981818043e+12 (residual = 735.66711031)
minresid_iteration_1: success - [-1.60,300.00] using coverages from [-1.54,300.00]
mapper_iteration_1: status - 0 points do not have valid solution.
header_evaluation: fail - could not save atoms_dict = {'CH2O_g': Atoms(symbols='OCH2', pbc=False), 'H2_g': Atoms(symbols='H2', pbc=False), 'CO_g': Atoms(symbols='OC', pbc=False), 'O2_g': Atoms(symbols='O2', pbc=False, magmoms=...), 'H2O_g': Atoms(symbols='OH2', pbc=False), 'CH4_g': Atoms(symbols='CH4', pbc=False), 'H_g': Atoms(symbols='H', pbc=False, magmoms=...), 'CH3CH2OH_g': Atoms(symbols='C2OH6', pbc=False)}

"""